\BOOKMARK [0][-]{chapter.1}{\376\377\0001\000\040\000R\000e\000v\000i\000s\000i\000o\000n\000\040\000P\000a\000g\000e}{}% 1
\BOOKMARK [0][-]{chapter.2}{\376\377\0002\000\040\000C\000o\000n\000t\000r\000i\000b\000u\000t\000i\000o\000n\000\040\000P\000a\000g\000e}{}% 2
\BOOKMARK [0][-]{chapter.3}{\376\377\0003\000\040\000E\000x\000e\000c\000u\000t\000i\000v\000e\000\040\000S\000u\000m\000m\000a\000r\000y}{}% 3
\BOOKMARK [0][-]{chapter.4}{\376\377\0004\000\040\000H\000i\000e\000r\000a\000r\000c\000h\000i\000c\000a\000l\000\040\000I\000n\000d\000e\000x}{}% 4
\BOOKMARK [1][-]{section.4.1}{\376\377\0004\000.\0001\000\040\000C\000l\000a\000s\000s\000\040\000H\000i\000e\000r\000a\000r\000c\000h\000y}{chapter.4}% 5
\BOOKMARK [0][-]{chapter.5}{\376\377\0005\000\040\000C\000l\000a\000s\000s\000\040\000I\000n\000d\000e\000x}{}% 6
\BOOKMARK [1][-]{section.5.1}{\376\377\0005\000.\0001\000\040\000C\000l\000a\000s\000s\000\040\000L\000i\000s\000t}{chapter.5}% 7
\BOOKMARK [0][-]{chapter.6}{\376\377\0006\000\040\000C\000l\000a\000s\000s\000\040\000D\000o\000c\000u\000m\000e\000n\000t\000a\000t\000i\000o\000n}{}% 8
\BOOKMARK [1][-]{section.6.1}{\376\377\0006\000.\0001\000\040\000X\000B\0003\000.\000B\000a\000t\000h\000B\000S\000T\000\040\000C\000l\000a\000s\000s\000\040\000R\000e\000f\000e\000r\000e\000n\000c\000e}{chapter.6}% 9
\BOOKMARK [2][-]{subsection.6.1.1}{\376\377\0006\000.\0001\000.\0001\000\040\000D\000e\000t\000a\000i\000l\000e\000d\000\040\000D\000e\000s\000c\000r\000i\000p\000t\000i\000o\000n}{section.6.1}% 10
\BOOKMARK [2][-]{subsection.6.1.2}{\376\377\0006\000.\0001\000.\0002\000\040\000M\000e\000m\000b\000e\000r\000\040\000F\000u\000n\000c\000t\000i\000o\000n\000\040\000D\000o\000c\000u\000m\000e\000n\000t\000a\000t\000i\000o\000n}{section.6.1}% 11
\BOOKMARK [3][-]{subsubsection.6.1.2.1}{\376\377\0006\000.\0001\000.\0002\000.\0001\000\040\000g\000e\000t\000R\000a\000n\000g\000e\000T\000o\000D\000e\000l\000e\000t\000e\000\050\000\051}{subsection.6.1.2}% 12
\BOOKMARK [3][-]{subsubsection.6.1.2.2}{\376\377\0006\000.\0001\000.\0002\000.\0002\000\040\000k\000e\000y\000s\000\050\000\051}{subsection.6.1.2}% 13
\BOOKMARK [1][-]{section.6.2}{\376\377\0006\000.\0002\000\040\000X\000B\0003\000.\000B\000e\000d\000B\000S\000T\000\040\000C\000l\000a\000s\000s\000\040\000R\000e\000f\000e\000r\000e\000n\000c\000e}{chapter.6}% 14
\BOOKMARK [2][-]{subsection.6.2.1}{\376\377\0006\000.\0002\000.\0001\000\040\000D\000e\000t\000a\000i\000l\000e\000d\000\040\000D\000e\000s\000c\000r\000i\000p\000t\000i\000o\000n}{section.6.2}% 15
\BOOKMARK [2][-]{subsection.6.2.2}{\376\377\0006\000.\0002\000.\0002\000\040\000M\000e\000m\000b\000e\000r\000\040\000F\000u\000n\000c\000t\000i\000o\000n\000\040\000D\000o\000c\000u\000m\000e\000n\000t\000a\000t\000i\000o\000n}{section.6.2}% 16
\BOOKMARK [3][-]{subsubsection.6.2.2.1}{\376\377\0006\000.\0002\000.\0002\000.\0001\000\040\000g\000e\000t\000R\000a\000n\000g\000e\000T\000o\000D\000e\000l\000e\000t\000e\000\050\000\051}{subsection.6.2.2}% 17
\BOOKMARK [3][-]{subsubsection.6.2.2.2}{\376\377\0006\000.\0002\000.\0002\000.\0002\000\040\000k\000e\000y\000s\000\050\000\051}{subsection.6.2.2}% 18
\BOOKMARK [1][-]{section.6.3}{\376\377\0006\000.\0003\000\040\000X\000B\0003\000.\000F\000i\000l\000t\000e\000r\000\040\000C\000l\000a\000s\000s\000\040\000R\000e\000f\000e\000r\000e\000n\000c\000e}{chapter.6}% 19
\BOOKMARK [2][-]{subsection.6.3.1}{\376\377\0006\000.\0003\000.\0001\000\040\000D\000e\000t\000a\000i\000l\000e\000d\000\040\000D\000e\000s\000c\000r\000i\000p\000t\000i\000o\000n}{section.6.3}% 20
\BOOKMARK [2][-]{subsection.6.3.2}{\376\377\0006\000.\0003\000.\0002\000\040\000M\000e\000m\000b\000e\000r\000\040\000F\000u\000n\000c\000t\000i\000o\000n\000\040\000D\000o\000c\000u\000m\000e\000n\000t\000a\000t\000i\000o\000n}{section.6.3}% 21
\BOOKMARK [3][-]{subsubsection.6.3.2.1}{\376\377\0006\000.\0003\000.\0002\000.\0001\000\040\000g\000e\000t\000Q\000u\000e\000r\000y\000\050\000\051}{subsection.6.3.2}% 22
\BOOKMARK [3][-]{subsubsection.6.3.2.2}{\376\377\0006\000.\0003\000.\0002\000.\0002\000\040\000g\000e\000t\000R\000e\000l\000a\000t\000i\000o\000n\000\050\000\051}{subsection.6.3.2}% 23
\BOOKMARK [3][-]{subsubsection.6.3.2.3}{\376\377\0006\000.\0003\000.\0002\000.\0003\000\040\000g\000e\000t\000V\000a\000l\000u\000e\000\050\000\051}{subsection.6.3.2}% 24
\BOOKMARK [3][-]{subsubsection.6.3.2.4}{\376\377\0006\000.\0003\000.\0002\000.\0004\000\040\000v\000a\000l\000i\000d\000F\000i\000l\000t\000e\000r\000\050\000\051}{subsection.6.3.2}% 25
\BOOKMARK [1][-]{section.6.4}{\376\377\0006\000.\0004\000\040\000X\000B\0003\000.\000F\000i\000l\000t\000e\000r\000L\000i\000v\000e\000\040\000C\000l\000a\000s\000s\000\040\000R\000e\000f\000e\000r\000e\000n\000c\000e}{chapter.6}% 26
\BOOKMARK [2][-]{subsection.6.4.1}{\376\377\0006\000.\0004\000.\0001\000\040\000D\000e\000t\000a\000i\000l\000e\000d\000\040\000D\000e\000s\000c\000r\000i\000p\000t\000i\000o\000n}{section.6.4}% 27
\BOOKMARK [2][-]{subsection.6.4.2}{\376\377\0006\000.\0004\000.\0002\000\040\000M\000e\000m\000b\000e\000r\000\040\000F\000u\000n\000c\000t\000i\000o\000n\000\040\000D\000o\000c\000u\000m\000e\000n\000t\000a\000t\000i\000o\000n}{section.6.4}% 28
\BOOKMARK [3][-]{subsubsection.6.4.2.1}{\376\377\0006\000.\0004\000.\0002\000.\0001\000\040\000a\000d\000d\000A\000n\000F\000F\000i\000l\000e\000\050\000\051}{subsection.6.4.2}% 29
\BOOKMARK [3][-]{subsubsection.6.4.2.2}{\376\377\0006\000.\0004\000.\0002\000.\0002\000\040\000a\000d\000d\000F\000i\000l\000t\000e\000r\000\050\000\051}{subsection.6.4.2}% 30
\BOOKMARK [3][-]{subsubsection.6.4.2.3}{\376\377\0006\000.\0004\000.\0002\000.\0003\000\040\000d\000e\000l\000e\000t\000e\000L\000i\000s\000t\000i\000n\000g\000s\000\050\000\051}{subsection.6.4.2}% 31
\BOOKMARK [3][-]{subsubsection.6.4.2.4}{\376\377\0006\000.\0004\000.\0002\000.\0004\000\040\000g\000e\000t\000L\000i\000v\000e\000T\000r\000e\000e\000s\000\050\000\051}{subsection.6.4.2}% 32
\BOOKMARK [3][-]{subsubsection.6.4.2.5}{\376\377\0006\000.\0004\000.\0002\000.\0005\000\040\000l\000i\000v\000e\000T\000r\000e\000e\000I\000n\000v\000a\000r\000i\000a\000n\000t\000\050\000\051}{subsection.6.4.2}% 33
\BOOKMARK [3][-]{subsubsection.6.4.2.6}{\376\377\0006\000.\0004\000.\0002\000.\0006\000\040\000r\000e\000m\000o\000v\000e\000F\000i\000l\000t\000e\000r\000\050\000\051}{subsection.6.4.2}% 34
\BOOKMARK [3][-]{subsubsection.6.4.2.7}{\376\377\0006\000.\0004\000.\0002\000.\0007\000\040\000s\000h\000o\000w\000T\000o\000p\000\050\000\051}{subsection.6.4.2}% 35
\BOOKMARK [3][-]{subsubsection.6.4.2.8}{\376\377\0006\000.\0004\000.\0002\000.\0008\000\040\000t\000o\000S\000t\000r\000i\000n\000g\000\050\000\051}{subsection.6.4.2}% 36
\BOOKMARK [1][-]{section.6.5}{\376\377\0006\000.\0005\000\040\000X\000B\0003\000.\000L\000i\000s\000t\000i\000n\000g\000\040\000C\000l\000a\000s\000s\000\040\000R\000e\000f\000e\000r\000e\000n\000c\000e}{chapter.6}% 37
\BOOKMARK [2][-]{subsection.6.5.1}{\376\377\0006\000.\0005\000.\0001\000\040\000D\000e\000t\000a\000i\000l\000e\000d\000\040\000D\000e\000s\000c\000r\000i\000p\000t\000i\000o\000n}{section.6.5}% 38
\BOOKMARK [2][-]{subsection.6.5.2}{\376\377\0006\000.\0005\000.\0002\000\040\000M\000e\000m\000b\000e\000r\000\040\000F\000u\000n\000c\000t\000i\000o\000n\000\040\000D\000o\000c\000u\000m\000e\000n\000t\000a\000t\000i\000o\000n}{section.6.5}% 39
\BOOKMARK [3][-]{subsubsection.6.5.2.1}{\376\377\0006\000.\0005\000.\0002\000.\0001\000\040\000c\000h\000a\000n\000g\000e\000T\000r\000e\000e\000T\000y\000p\000e\000\050\000\051}{subsection.6.5.2}% 40
\BOOKMARK [3][-]{subsubsection.6.5.2.2}{\376\377\0006\000.\0005\000.\0002\000.\0002\000\040\000c\000o\000m\000p\000a\000r\000e\000T\000o\000\050\000\051}{subsection.6.5.2}% 41
\BOOKMARK [3][-]{subsubsection.6.5.2.3}{\376\377\0006\000.\0005\000.\0002\000.\0003\000\040\000g\000e\000t\000I\000d\000\050\000\051}{subsection.6.5.2}% 42
\BOOKMARK [3][-]{subsubsection.6.5.2.4}{\376\377\0006\000.\0005\000.\0002\000.\0004\000\040\000t\000o\000S\000e\000q\000\050\000\051}{subsection.6.5.2}% 43
\BOOKMARK [3][-]{subsubsection.6.5.2.5}{\376\377\0006\000.\0005\000.\0002\000.\0005\000\040\000v\000a\000l\000i\000d\000N\000u\000m\000b\000e\000r\000\050\000\051}{subsection.6.5.2}% 44
\BOOKMARK [1][-]{section.6.6}{\376\377\0006\000.\0006\000\040\000X\000B\0003\000.\000M\000a\000i\000n\000\040\000C\000l\000a\000s\000s\000\040\000R\000e\000f\000e\000r\000e\000n\000c\000e}{chapter.6}% 45
\BOOKMARK [2][-]{subsection.6.6.1}{\376\377\0006\000.\0006\000.\0001\000\040\000D\000e\000t\000a\000i\000l\000e\000d\000\040\000D\000e\000s\000c\000r\000i\000p\000t\000i\000o\000n}{section.6.6}% 46
\BOOKMARK [1][-]{section.6.7}{\376\377\0006\000.\0007\000\040\000X\000B\0003\000.\000N\000e\000i\000g\000h\000b\000o\000r\000h\000o\000o\000d\000S\000u\000m\000m\000a\000r\000y\000\040\000C\000l\000a\000s\000s\000\040\000R\000e\000f\000e\000r\000e\000n\000c\000e}{chapter.6}% 47
\BOOKMARK [2][-]{subsection.6.7.1}{\376\377\0006\000.\0007\000.\0001\000\040\000D\000e\000t\000a\000i\000l\000e\000d\000\040\000D\000e\000s\000c\000r\000i\000p\000t\000i\000o\000n}{section.6.7}% 48
\BOOKMARK [1][-]{section.6.8}{\376\377\0006\000.\0008\000\040\000X\000B\0003\000.\000R\000e\000d\000B\000l\000a\000c\000k\000B\000S\000T\000<\000\040\000K\000e\000y\000\040\000e\000x\000t\000e\000n\000d\000s\000\040\000C\000o\000m\000p\000a\000r\000a\000b\000l\000e\000<\000\040\000K\000e\000y\000,\000\040\000V\000a\000l\000u\000e\000\040\000>\000.\000N\000o\000d\000e\000\040\000C\000l\000a\000s\000s\000\040\000R\000e\000f\000e\000r\000e\000n\000c\000e}{chapter.6}% 49
\BOOKMARK [1][-]{section.6.9}{\376\377\0006\000.\0009\000\040\000X\000B\0003\000.\000O\000p\000t\000i\000m\000i\000z\000a\000t\000i\000o\000n\000\040\000C\000l\000a\000s\000s\000\040\000R\000e\000f\000e\000r\000e\000n\000c\000e}{chapter.6}% 50
\BOOKMARK [2][-]{subsection.6.9.1}{\376\377\0006\000.\0009\000.\0001\000\040\000D\000e\000t\000a\000i\000l\000e\000d\000\040\000D\000e\000s\000c\000r\000i\000p\000t\000i\000o\000n}{section.6.9}% 51
\BOOKMARK [2][-]{subsection.6.9.2}{\376\377\0006\000.\0009\000.\0002\000\040\000C\000o\000n\000s\000t\000r\000u\000c\000t\000o\000r\000\040\000\046\000\040\000D\000e\000s\000t\000r\000u\000c\000t\000o\000r\000\040\000D\000o\000c\000u\000m\000e\000n\000t\000a\000t\000i\000o\000n}{section.6.9}% 52
\BOOKMARK [3][-]{subsubsection.6.9.2.1}{\376\377\0006\000.\0009\000.\0002\000.\0001\000\040\000O\000p\000t\000i\000m\000i\000z\000a\000t\000i\000o\000n\000\050\000\051}{subsection.6.9.2}% 53
\BOOKMARK [2][-]{subsection.6.9.3}{\376\377\0006\000.\0009\000.\0003\000\040\000M\000e\000m\000b\000e\000r\000\040\000F\000u\000n\000c\000t\000i\000o\000n\000\040\000D\000o\000c\000u\000m\000e\000n\000t\000a\000t\000i\000o\000n}{section.6.9}% 54
\BOOKMARK [3][-]{subsubsection.6.9.3.1}{\376\377\0006\000.\0009\000.\0003\000.\0001\000\040\000o\000p\000t\000i\000m\000i\000z\000e\000R\000e\000p\000o\000r\000t\000\050\000\051}{subsection.6.9.3}% 55
\BOOKMARK [3][-]{subsubsection.6.9.3.2}{\376\377\0006\000.\0009\000.\0003\000.\0002\000\040\000s\000h\000o\000w\000T\000o\000p\000N\000e\000i\000g\000h\000b\000o\000r\000h\000o\000o\000d\000s\000\050\000\051}{subsection.6.9.3}% 56
\BOOKMARK [3][-]{subsubsection.6.9.3.3}{\376\377\0006\000.\0009\000.\0003\000.\0003\000\040\000s\000h\000o\000w\000T\000o\000p\000Z\000i\000p\000C\000o\000d\000e\000s\000\050\000\051}{subsection.6.9.3}% 57
\BOOKMARK [1][-]{section.6.10}{\376\377\0006\000.\0001\0000\000\040\000X\000B\0003\000.\000R\000e\000a\000d\000L\000i\000s\000t\000i\000n\000g\000s\000F\000r\000o\000m\000C\000S\000V\000\040\000C\000l\000a\000s\000s\000\040\000R\000e\000f\000e\000r\000e\000n\000c\000e}{chapter.6}% 58
\BOOKMARK [2][-]{subsection.6.10.1}{\376\377\0006\000.\0001\0000\000.\0001\000\040\000D\000e\000t\000a\000i\000l\000e\000d\000\040\000D\000e\000s\000c\000r\000i\000p\000t\000i\000o\000n}{section.6.10}% 59
\BOOKMARK [2][-]{subsection.6.10.2}{\376\377\0006\000.\0001\0000\000.\0002\000\040\000M\000e\000m\000b\000e\000r\000\040\000F\000u\000n\000c\000t\000i\000o\000n\000\040\000D\000o\000c\000u\000m\000e\000n\000t\000a\000t\000i\000o\000n}{section.6.10}% 60
\BOOKMARK [3][-]{subsubsection.6.10.2.1}{\376\377\0006\000.\0001\0000\000.\0002\000.\0001\000\040\000R\000e\000a\000d\000L\000i\000s\000t\000i\000n\000g\000s\000\050\000\051}{subsection.6.10.2}% 61
\BOOKMARK [1][-]{section.6.11}{\376\377\0006\000.\0001\0001\000\040\000X\000B\0003\000.\000R\000e\000d\000B\000l\000a\000c\000k\000B\000S\000T\000<\000\040\000K\000e\000y\000\040\000e\000x\000t\000e\000n\000d\000s\000\040\000C\000o\000m\000p\000a\000r\000a\000b\000l\000e\000<\000\040\000K\000e\000y\000,\000\040\000V\000a\000l\000u\000e\000\040\000>\000\040\000C\000l\000a\000s\000s\000\040\000T\000e\000m\000p\000l\000a\000t\000e\000\040\000R\000e\000f\000e\000r\000e\000n\000c\000e}{chapter.6}% 62
\BOOKMARK [2][-]{subsection.6.11.1}{\376\377\0006\000.\0001\0001\000.\0001\000\040\000D\000e\000t\000a\000i\000l\000e\000d\000\040\000D\000e\000s\000c\000r\000i\000p\000t\000i\000o\000n}{section.6.11}% 63
\BOOKMARK [2][-]{subsection.6.11.2}{\376\377\0006\000.\0001\0001\000.\0002\000\040\000C\000o\000n\000s\000t\000r\000u\000c\000t\000o\000r\000\040\000\046\000\040\000D\000e\000s\000t\000r\000u\000c\000t\000o\000r\000\040\000D\000o\000c\000u\000m\000e\000n\000t\000a\000t\000i\000o\000n}{section.6.11}% 64
\BOOKMARK [3][-]{subsubsection.6.11.2.1}{\376\377\0006\000.\0001\0001\000.\0002\000.\0001\000\040\000R\000e\000d\000B\000l\000a\000c\000k\000B\000S\000T\000\050\000\051}{subsection.6.11.2}% 65
\BOOKMARK [2][-]{subsection.6.11.3}{\376\377\0006\000.\0001\0001\000.\0003\000\040\000M\000e\000m\000b\000e\000r\000\040\000F\000u\000n\000c\000t\000i\000o\000n\000\040\000D\000o\000c\000u\000m\000e\000n\000t\000a\000t\000i\000o\000n}{section.6.11}% 66
\BOOKMARK [3][-]{subsubsection.6.11.3.1}{\376\377\0006\000.\0001\0001\000.\0003\000.\0001\000\040\000c\000e\000i\000l\000i\000n\000g\000\050\000\051}{subsection.6.11.3}% 67
\BOOKMARK [3][-]{subsubsection.6.11.3.2}{\376\377\0006\000.\0001\0001\000.\0003\000.\0002\000\040\000c\000o\000n\000t\000a\000i\000n\000s\000\050\000\051}{subsection.6.11.3}% 68
\BOOKMARK [3][-]{subsubsection.6.11.3.3}{\376\377\0006\000.\0001\0001\000.\0003\000.\0003\000\040\000d\000e\000l\000e\000t\000e\000\050\000\051}{subsection.6.11.3}% 69
\BOOKMARK [3][-]{subsubsection.6.11.3.4}{\376\377\0006\000.\0001\0001\000.\0003\000.\0004\000\040\000d\000e\000l\000e\000t\000e\000M\000a\000x\000\050\000\051}{subsection.6.11.3}% 70
\BOOKMARK [3][-]{subsubsection.6.11.3.5}{\376\377\0006\000.\0001\0001\000.\0003\000.\0005\000\040\000d\000e\000l\000e\000t\000e\000M\000i\000n\000\050\000\051}{subsection.6.11.3}% 71
\BOOKMARK [3][-]{subsubsection.6.11.3.6}{\376\377\0006\000.\0001\0001\000.\0003\000.\0006\000\040\000f\000l\000o\000o\000r\000\050\000\051}{subsection.6.11.3}% 72
\BOOKMARK [3][-]{subsubsection.6.11.3.7}{\376\377\0006\000.\0001\0001\000.\0003\000.\0007\000\040\000g\000e\000t\000\050\000\051}{subsection.6.11.3}% 73
\BOOKMARK [3][-]{subsubsection.6.11.3.8}{\376\377\0006\000.\0001\0001\000.\0003\000.\0008\000\040\000h\000e\000i\000g\000h\000t\000\050\000\051}{subsection.6.11.3}% 74
\BOOKMARK [3][-]{subsubsection.6.11.3.9}{\376\377\0006\000.\0001\0001\000.\0003\000.\0009\000\040\000i\000s\000E\000m\000p\000t\000y\000\050\000\051}{subsection.6.11.3}% 75
\BOOKMARK [3][-]{subsubsection.6.11.3.10}{\376\377\0006\000.\0001\0001\000.\0003\000.\0001\0000\000\040\000k\000e\000y\000s\000\050\000\051\000\040\000[\0001\000/\0002\000]}{subsection.6.11.3}% 76
\BOOKMARK [3][-]{subsubsection.6.11.3.11}{\376\377\0006\000.\0001\0001\000.\0003\000.\0001\0001\000\040\000k\000e\000y\000s\000\050\000\051\000\040\000[\0002\000/\0002\000]}{subsection.6.11.3}% 77
\BOOKMARK [3][-]{subsubsection.6.11.3.12}{\376\377\0006\000.\0001\0001\000.\0003\000.\0001\0002\000\040\000m\000a\000x\000\050\000\051}{subsection.6.11.3}% 78
\BOOKMARK [3][-]{subsubsection.6.11.3.13}{\376\377\0006\000.\0001\0001\000.\0003\000.\0001\0003\000\040\000m\000i\000n\000\050\000\051}{subsection.6.11.3}% 79
\BOOKMARK [3][-]{subsubsection.6.11.3.14}{\376\377\0006\000.\0001\0001\000.\0003\000.\0001\0004\000\040\000p\000u\000t\000\050\000\051}{subsection.6.11.3}% 80
\BOOKMARK [3][-]{subsubsection.6.11.3.15}{\376\377\0006\000.\0001\0001\000.\0003\000.\0001\0005\000\040\000r\000a\000n\000k\000\050\000\051}{subsection.6.11.3}% 81
\BOOKMARK [3][-]{subsubsection.6.11.3.16}{\376\377\0006\000.\0001\0001\000.\0003\000.\0001\0006\000\040\000s\000e\000l\000e\000c\000t\000\050\000\051}{subsection.6.11.3}% 82
\BOOKMARK [3][-]{subsubsection.6.11.3.17}{\376\377\0006\000.\0001\0001\000.\0003\000.\0001\0007\000\040\000s\000i\000z\000e\000\050\000\051\000\040\000[\0001\000/\0002\000]}{subsection.6.11.3}% 83
\BOOKMARK [3][-]{subsubsection.6.11.3.18}{\376\377\0006\000.\0001\0001\000.\0003\000.\0001\0008\000\040\000s\000i\000z\000e\000\050\000\051\000\040\000[\0002\000/\0002\000]}{subsection.6.11.3}% 84
\BOOKMARK [1][-]{section.6.12}{\376\377\0006\000.\0001\0002\000\040\000X\000B\0003\000.\000R\000e\000v\000B\000S\000T\000\040\000C\000l\000a\000s\000s\000\040\000R\000e\000f\000e\000r\000e\000n\000c\000e}{chapter.6}% 85
\BOOKMARK [2][-]{subsection.6.12.1}{\376\377\0006\000.\0001\0002\000.\0001\000\040\000D\000e\000t\000a\000i\000l\000e\000d\000\040\000D\000e\000s\000c\000r\000i\000p\000t\000i\000o\000n}{section.6.12}% 86
\BOOKMARK [2][-]{subsection.6.12.2}{\376\377\0006\000.\0001\0002\000.\0002\000\040\000M\000e\000m\000b\000e\000r\000\040\000F\000u\000n\000c\000t\000i\000o\000n\000\040\000D\000o\000c\000u\000m\000e\000n\000t\000a\000t\000i\000o\000n}{section.6.12}% 87
\BOOKMARK [3][-]{subsubsection.6.12.2.1}{\376\377\0006\000.\0001\0002\000.\0002\000.\0001\000\040\000g\000e\000t\000R\000a\000n\000g\000e\000T\000o\000D\000e\000l\000e\000t\000e\000\050\000\051}{subsection.6.12.2}% 88
\BOOKMARK [3][-]{subsubsection.6.12.2.2}{\376\377\0006\000.\0001\0002\000.\0002\000.\0002\000\040\000k\000e\000y\000s\000\050\000\051}{subsection.6.12.2}% 89
\BOOKMARK [1][-]{section.6.13}{\376\377\0006\000.\0001\0003\000\040\000X\000B\0003\000.\000S\000u\000m\000m\000a\000r\000y\000S\000t\000a\000t\000s\000\040\000C\000l\000a\000s\000s\000\040\000R\000e\000f\000e\000r\000e\000n\000c\000e}{chapter.6}% 90
\BOOKMARK [2][-]{subsection.6.13.1}{\376\377\0006\000.\0001\0003\000.\0001\000\040\000D\000e\000t\000a\000i\000l\000e\000d\000\040\000D\000e\000s\000c\000r\000i\000p\000t\000i\000o\000n}{section.6.13}% 91
\BOOKMARK [2][-]{subsection.6.13.2}{\376\377\0006\000.\0001\0003\000.\0002\000\040\000M\000e\000m\000b\000e\000r\000\040\000F\000u\000n\000c\000t\000i\000o\000n\000\040\000D\000o\000c\000u\000m\000e\000n\000t\000a\000t\000i\000o\000n}{section.6.13}% 92
\BOOKMARK [3][-]{subsubsection.6.13.2.1}{\376\377\0006\000.\0001\0003\000.\0002\000.\0001\000\040\000s\000h\000o\000w\000N\000e\000i\000g\000h\000b\000o\000r\000h\000o\000o\000d\000s\000\050\000\051}{subsection.6.13.2}% 93
\BOOKMARK [3][-]{subsubsection.6.13.2.2}{\376\377\0006\000.\0001\0003\000.\0002\000.\0002\000\040\000s\000h\000o\000w\000Z\000i\000p\000C\000o\000d\000e\000s\000\050\000\051}{subsection.6.13.2}% 94
\BOOKMARK [1][-]{section.6.14}{\376\377\0006\000.\0001\0004\000\040\000X\000B\0003\000.\000W\000r\000i\000t\000e\000L\000i\000s\000t\000i\000n\000g\000s\000T\000o\000C\000S\000V\000\040\000C\000l\000a\000s\000s\000\040\000R\000e\000f\000e\000r\000e\000n\000c\000e}{chapter.6}% 95
\BOOKMARK [2][-]{subsection.6.14.1}{\376\377\0006\000.\0001\0004\000.\0001\000\040\000D\000e\000t\000a\000i\000l\000e\000d\000\040\000D\000e\000s\000c\000r\000i\000p\000t\000i\000o\000n}{section.6.14}% 96
\BOOKMARK [2][-]{subsection.6.14.2}{\376\377\0006\000.\0001\0004\000.\0002\000\040\000M\000e\000m\000b\000e\000r\000\040\000F\000u\000n\000c\000t\000i\000o\000n\000\040\000D\000o\000c\000u\000m\000e\000n\000t\000a\000t\000i\000o\000n}{section.6.14}% 97
\BOOKMARK [3][-]{subsubsection.6.14.2.1}{\376\377\0006\000.\0001\0004\000.\0002\000.\0001\000\040\000W\000r\000i\000t\000e\000L\000i\000s\000t\000i\000n\000g\000s\000\050\000\051}{subsection.6.14.2}% 98
\BOOKMARK [1][-]{section.6.15}{\376\377\0006\000.\0001\0005\000\040\000X\000B\0003\000.\000Z\000i\000p\000C\000o\000d\000e\000C\000l\000e\000a\000n\000\040\000C\000l\000a\000s\000s\000\040\000R\000e\000f\000e\000r\000e\000n\000c\000e}{chapter.6}% 99
\BOOKMARK [2][-]{subsection.6.15.1}{\376\377\0006\000.\0001\0005\000.\0001\000\040\000D\000e\000t\000a\000i\000l\000e\000d\000\040\000D\000e\000s\000c\000r\000i\000p\000t\000i\000o\000n}{section.6.15}% 100
\BOOKMARK [2][-]{subsection.6.15.2}{\376\377\0006\000.\0001\0005\000.\0002\000\040\000M\000e\000m\000b\000e\000r\000\040\000F\000u\000n\000c\000t\000i\000o\000n\000\040\000D\000o\000c\000u\000m\000e\000n\000t\000a\000t\000i\000o\000n}{section.6.15}% 101
\BOOKMARK [3][-]{subsubsection.6.15.2.1}{\376\377\0006\000.\0001\0005\000.\0002\000.\0001\000\040\000c\000l\000e\000a\000n\000D\000a\000t\000a\000\050\000\051}{subsection.6.15.2}% 102
\BOOKMARK [3][-]{subsubsection.6.15.2.2}{\376\377\0006\000.\0001\0005\000.\0002\000.\0002\000\040\000u\000n\000c\000l\000e\000a\000n\000e\000d\000D\000a\000t\000a\000\050\000\051}{subsection.6.15.2}% 103
\BOOKMARK [3][-]{subsubsection.6.15.2.3}{\376\377\0006\000.\0001\0005\000.\0002\000.\0003\000\040\000v\000a\000l\000i\000d\000F\000i\000e\000l\000d\000s\000\050\000\051}{subsection.6.15.2}% 104
\BOOKMARK [3][-]{subsubsection.6.15.2.4}{\376\377\0006\000.\0001\0005\000.\0002\000.\0004\000\040\000w\000r\000i\000t\000e\000C\000l\000e\000a\000n\000e\000d\000L\000i\000s\000t\000i\000n\000g\000s\000\050\000\051}{subsection.6.15.2}% 105
\BOOKMARK [1][-]{section.6.16}{\376\377\0006\000.\0001\0006\000\040\000X\000B\0003\000.\000Z\000i\000p\000C\000o\000d\000e\000S\000u\000m\000m\000a\000r\000y\000\040\000C\000l\000a\000s\000s\000\040\000R\000e\000f\000e\000r\000e\000n\000c\000e}{chapter.6}% 106
\BOOKMARK [2][-]{subsection.6.16.1}{\376\377\0006\000.\0001\0006\000.\0001\000\040\000D\000e\000t\000a\000i\000l\000e\000d\000\040\000D\000e\000s\000c\000r\000i\000p\000t\000i\000o\000n}{section.6.16}% 107
\BOOKMARK [0][-]{section*.35}{\376\377\000I\000n\000d\000e\000x}{}% 108
